2025-03-09 15:07:59.357 [info] [main] Log level: Info
2025-03-09 15:07:59.357 [info] [main] Validating found git in: "git"
2025-03-09 15:07:59.357 [info] [main] Using git "2.34.1" from "git"
2025-03-09 15:07:59.357 [info] [Model][doInitialScan] Initial repository scan started
2025-03-09 15:07:59.357 [info] > git rev-parse --show-toplevel [2ms]
2025-03-09 15:07:59.357 [info] fatal: not a git repository (or any parent up to mount point /home)
Stopping at filesystem boundary (GIT_DISCOVERY_ACROSS_FILESYSTEM not set).
2025-03-09 15:07:59.357 [info] > git rev-parse --show-toplevel [1ms]
2025-03-09 15:07:59.357 [info] fatal: not a git repository (or any parent up to mount point /home)
Stopping at filesystem boundary (GIT_DISCOVERY_ACROSS_FILESYSTEM not set).
2025-03-09 15:07:59.357 [info] > git rev-parse --show-toplevel [5ms]
2025-03-09 15:07:59.357 [info] fatal: not a git repository (or any parent up to mount point /home)
Stopping at filesystem boundary (GIT_DISCOVERY_ACROSS_FILESYSTEM not set).
2025-03-09 15:07:59.357 [info] > git rev-parse --show-toplevel [1ms]
2025-03-09 15:07:59.357 [info] fatal: not a git repository (or any parent up to mount point /home)
Stopping at filesystem boundary (GIT_DISCOVERY_ACROSS_FILESYSTEM not set).
2025-03-09 15:07:59.361 [info] > git rev-parse --show-toplevel [2ms]
2025-03-09 15:07:59.361 [info] fatal: not a git repository (or any parent up to mount point /home)
Stopping at filesystem boundary (GIT_DISCOVERY_ACROSS_FILESYSTEM not set).
2025-03-09 15:07:59.364 [info] [Model][doInitialScan] Initial repository scan completed - repositories (0), closed repositories (0), parent repositories (0), unsafe repositories (0)
2025-03-09 15:08:00.932 [info] > git rev-parse --show-toplevel [1ms]
2025-03-09 15:08:00.932 [info] fatal: not a git repository (or any parent up to mount point /home)
Stopping at filesystem boundary (GIT_DISCOVERY_ACROSS_FILESYSTEM not set).
