2025-03-09 15:06:52.493 [info] [main] Log level: Info
2025-03-09 15:06:52.493 [info] [main] Validating found git in: "git"
2025-03-09 15:06:52.493 [info] [main] Using git "2.34.1" from "git"
2025-03-09 15:06:52.493 [info] [Model][doInitialScan] Initial repository scan started
2025-03-09 15:06:52.493 [info] > git rev-parse --show-toplevel [5ms]
2025-03-09 15:06:52.493 [info] fatal: not a git repository (or any parent up to mount point /home)
Stopping at filesystem boundary (GIT_DISCOVERY_ACROSS_FILESYSTEM not set).
2025-03-09 15:06:52.493 [info] > git rev-parse --show-toplevel [3ms]
2025-03-09 15:06:52.493 [info] fatal: not a git repository (or any parent up to mount point /home)
Stopping at filesystem boundary (GIT_DISCOVERY_ACROSS_FILESYSTEM not set).
2025-03-09 15:06:52.498 [info] > git rev-parse --show-toplevel [3ms]
2025-03-09 15:06:52.498 [info] fatal: not a git repository (or any parent up to mount point /home)
Stopping at filesystem boundary (GIT_DISCOVERY_ACROSS_FILESYSTEM not set).
2025-03-09 15:06:52.508 [info] > git rev-parse --show-toplevel [7ms]
2025-03-09 15:06:52.509 [info] fatal: not a git repository (or any parent up to mount point /home)
Stopping at filesystem boundary (GIT_DISCOVERY_ACROSS_FILESYSTEM not set).
2025-03-09 15:06:52.512 [info] > git rev-parse --show-toplevel [1ms]
2025-03-09 15:06:52.512 [info] fatal: not a git repository (or any parent up to mount point /home)
Stopping at filesystem boundary (GIT_DISCOVERY_ACROSS_FILESYSTEM not set).
2025-03-09 15:06:52.515 [info] [Model][doInitialScan] Initial repository scan completed - repositories (0), closed repositories (0), parent repositories (0), unsafe repositories (0)
2025-03-09 15:06:52.560 [info] > git rev-parse --show-toplevel [1ms]
2025-03-09 15:06:52.560 [info] fatal: not a git repository (or any parent up to mount point /home)
Stopping at filesystem boundary (GIT_DISCOVERY_ACROSS_FILESYSTEM not set).
2025-03-09 15:06:54.095 [info] > git rev-parse --show-toplevel [2ms]
2025-03-09 15:06:54.095 [info] fatal: not a git repository (or any parent up to mount point /home)
Stopping at filesystem boundary (GIT_DISCOVERY_ACROSS_FILESYSTEM not set).
